  d3dKitchen.cpp
D:\DirectX 12 SDK\Include\xnamath.h(2662,52): warning C4838: 从“unsigned int”转换到“INT”需要收缩转换
D:\DirectX 12 SDK\Include\xnamath.h(2662,64): warning C4838: 从“unsigned int”转换到“INT”需要收缩转换
D:\DirectX 12 SDK\Include\xnamath.h(2662,76): warning C4838: 从“unsigned int”转换到“INT”需要收缩转换
D:\DirectX 12 SDK\Include\xnamath.h(2662,88): warning C4838: 从“unsigned int”转换到“INT”需要收缩转换
D:\DirectX 12 SDK\Include\xnamath.h(2663,52): warning C4838: 从“unsigned int”转换到“INT”需要收缩转换
D:\DirectX 12 SDK\Include\xnamath.h(2663,64): warning C4838: 从“unsigned int”转换到“INT”需要收缩转换
D:\DirectX 12 SDK\Include\xnamath.h(2663,76): warning C4838: 从“unsigned int”转换到“INT”需要收缩转换
D:\DirectX 12 SDK\Include\xnamath.h(2664,52): warning C4838: 从“unsigned int”转换到“INT”需要收缩转换
D:\DirectX 12 SDK\Include\xnamath.h(2664,64): warning C4838: 从“unsigned int”转换到“INT”需要收缩转换
D:\DirectX 12 SDK\Include\xnamath.h(2664,76): warning C4838: 从“unsigned int”转换到“INT”需要收缩转换
D:\DirectX 12 SDK\Include\xnamath.h(2665,52): warning C4838: 从“unsigned int”转换到“INT”需要收缩转换
D:\DirectX 12 SDK\Include\xnamath.h(2666,64): warning C4838: 从“unsigned int”转换到“INT”需要收缩转换
D:\DirectX 12 SDK\Include\xnamath.h(2667,76): warning C4838: 从“unsigned int”转换到“INT”需要收缩转换
D:\DirectX 12 SDK\Include\xnamath.h(2668,88): warning C4838: 从“unsigned int”转换到“INT”需要收缩转换
D:\DirectX 12 SDK\Include\xnamath.h(2689,46): warning C4838: 从“unsigned int”转换到“INT”需要收缩转换
D:\DirectX 12 SDK\Include\xnamath.h(2689,58): warning C4838: 从“unsigned int”转换到“INT”需要收缩转换
D:\DirectX 12 SDK\Include\xnamath.h(2689,70): warning C4838: 从“unsigned int”转换到“INT”需要收缩转换
D:\DirectX 12 SDK\Include\xnamath.h(2689,82): warning C4838: 从“unsigned int”转换到“INT”需要收缩转换
D:\DirectX 12 SDK\Include\xnamath.h(2690,88): warning C4838: 从“unsigned int”转换到“INT”需要收缩转换
D:\DirectX 12 SDK\Include\xnamath.h(2691,88): warning C4838: 从“unsigned int”转换到“INT”需要收缩转换
D:\DirectX 12 SDK\Include\xnamath.h(2694,88): warning C4838: 从“unsigned int”转换到“INT”需要收缩转换
D:\DirectX 12 SDK\Include\xnamath.h(2695,88): warning C4838: 从“unsigned int”转换到“INT”需要收缩转换
D:\DirectX 12 SDK\Include\xnamath.h(2698,64): warning C4838: 从“unsigned int”转换到“INT”需要收缩转换
D:\DirectX 12 SDK\Include\xnamath.h(2702,76): warning C4838: 从“unsigned int”转换到“INT”需要收缩转换
D:\DirectX 12 SDK\Include\xnamath.h(2702,88): warning C4838: 从“unsigned int”转换到“INT”需要收缩转换
D:\DirectX 12 SDK\Include\xnamath.h(2712,65): warning C4838: 从“unsigned int”转换到“INT”需要收缩转换
D:\DirectX 12 SDK\Include\xnamath.h(2712,91): warning C4838: 从“unsigned int”转换到“INT”需要收缩转换
D:\DirectX 12 SDK\Include\xnamath.h(2713,52): warning C4838: 从“unsigned int”转换到“INT”需要收缩转换
D:\DirectX 12 SDK\Include\xnamath.h(2713,78): warning C4838: 从“unsigned int”转换到“INT”需要收缩转换
D:\DirectX 12 SDK\Include\xnamath.h(2715,52): warning C4838: 从“unsigned int”转换到“INT”需要收缩转换
D:\DirectX 12 SDK\Include\xnamath.h(2716,52): warning C4838: 从“unsigned int”转换到“INT”需要收缩转换
D:\DirectX 12 SDK\Include\xnamath.h(2716,65): warning C4838: 从“unsigned int”转换到“INT”需要收缩转换
D:\DirectX 12 SDK\Include\xnamath.h(2717,52): warning C4838: 从“unsigned int”转换到“INT”需要收缩转换
D:\DirectX 12 SDK\Include\xnamath.h(2717,65): warning C4838: 从“unsigned int”转换到“INT”需要收缩转换
D:\DirectX 12 SDK\Include\xnamath.h(2717,78): warning C4838: 从“unsigned int”转换到“INT”需要收缩转换
D:\DirectX 12 SDK\Include\xnamath.h(2727,54): warning C4838: 从“unsigned int”转换到“INT”需要收缩转换
D:\DirectX 12 SDK\Include\xnamath.h(2728,56): warning C4838: 从“unsigned int”转换到“INT”需要收缩转换
D:\DirectX 12 SDK\Include\xnamath.h(2729,58): warning C4838: 从“unsigned int”转换到“INT”需要收缩转换
D:\DirectX 12 SDK\Include\xnamath.h(2730,54): warning C4838: 从“unsigned int”转换到“INT”需要收缩转换
D:\DirectX 12 SDK\Include\xnamath.h(2730,65): warning C4838: 从“unsigned int”转换到“INT”需要收缩转换
D:\DirectX 12 SDK\Include\xnamath.h(2731,56): warning C4838: 从“unsigned int”转换到“INT”需要收缩转换
D:\DirectX 12 SDK\Include\xnamath.h(2731,67): warning C4838: 从“unsigned int”转换到“INT”需要收缩转换
D:\DirectX 12 SDK\Include\xnamath.h(2732,54): warning C4838: 从“unsigned int”转换到“INT”需要收缩转换
D:\DirectX 12 SDK\Include\xnamath.h(2732,67): warning C4838: 从“unsigned int”转换到“INT”需要收缩转换
D:\DirectX 12 SDK\Include\xnamath.h(2742,60): warning C4838: 从“unsigned int”转换到“INT”需要收缩转换
D:\DirectX 12 SDK\Include\xnamath.h(2742,79): warning C4838: 从“unsigned int”转换到“INT”需要收缩转换
D:\DirectX 12 SDK\Include\xnamath.h(2743,70): warning C4838: 从“unsigned int”转换到“INT”需要收缩转换
D:\DirectX 12 SDK\Include\xnamath.h(2754,73): warning C4838: 从“unsigned int”转换到“INT”需要收缩转换
D:\DirectX 12 SDK\Include\xnamathconvert.inl(2254,71): warning C4838: 从“unsigned int”转换到“INT”需要收缩转换
D:\DirectX 12 SDK\Include\xnamathconvert.inl(4523,69): warning C4838: 从“unsigned int”转换到“INT”需要收缩转换
D:\DirectX 12 SDK\Include\xnamathconvert.inl(4577,68): warning C4838: 从“unsigned int”转换到“INT”需要收缩转换
D:\DirectX 12 SDK\Include\xnamathconvert.inl(4639,65): warning C4838: 从“unsigned int”转换到“INT”需要收缩转换
D:\DirectX 12 SDK\Include\xnamathconvert.inl(4707,64): warning C4838: 从“unsigned int”转换到“INT”需要收缩转换
D:\DirectX 12 SDK\Include\xnamathconvert.inl(4770,64): warning C4838: 从“unsigned int”转换到“INT”需要收缩转换
D:\DirectX 12 SDK\Include\xnamathconvert.inl(4832,63): warning C4838: 从“unsigned int”转换到“INT”需要收缩转换
D:\DirectX 12 SDK\Include\xnamathvector.inl(1269,45): warning C4838: 从“unsigned int”转换到“INT”需要收缩转换
D:\DirectX 12 SDK\Include\xnamathvector.inl(1269,56): warning C4838: 从“unsigned int”转换到“INT”需要收缩转换
D:\DirectX 12 SDK\Include\xnamathvector.inl(1269,67): warning C4838: 从“unsigned int”转换到“INT”需要收缩转换
D:\DirectX 12 SDK\Include\xnamathvector.inl(1269,78): warning C4838: 从“unsigned int”转换到“INT”需要收缩转换
D:\DirectX 12 SDK\Include\xnamathmisc.inl(518,43): warning C4838: 从“unsigned int”转换到“INT”需要收缩转换
D:\DirectX 12 SDK\Include\xnamathmisc.inl(519,40): warning C4838: 从“unsigned int”转换到“INT”需要收缩转换
D:\DirectX 12 SDK\Include\xnamathmisc.inl(519,51): warning C4838: 从“unsigned int”转换到“INT”需要收缩转换
D:\DirectX 12 SDK\Include\dxgitype.h(12,1): warning C4005: “DXGI_STATUS_OCCLUDED”: 宏重定义
C:\Program Files (x86)\Windows Kits\10\Include\10.0.18362.0\shared\winerror.h(55840): message : 参见“DXGI_STATUS_OCCLUDED”的前一个定义
D:\DirectX 12 SDK\Include\dxgitype.h(13,1): warning C4005: “DXGI_STATUS_CLIPPED”: 宏重定义
C:\Program Files (x86)\Windows Kits\10\Include\10.0.18362.0\shared\winerror.h(55849): message : 参见“DXGI_STATUS_CLIPPED”的前一个定义
D:\DirectX 12 SDK\Include\dxgitype.h(14,1): warning C4005: “DXGI_STATUS_NO_REDIRECTION”: 宏重定义
C:\Program Files (x86)\Windows Kits\10\Include\10.0.18362.0\shared\winerror.h(55858): message : 参见“DXGI_STATUS_NO_REDIRECTION”的前一个定义
D:\DirectX 12 SDK\Include\dxgitype.h(15,1): warning C4005: “DXGI_STATUS_NO_DESKTOP_ACCESS”: 宏重定义
C:\Program Files (x86)\Windows Kits\10\Include\10.0.18362.0\shared\winerror.h(55867): message : 参见“DXGI_STATUS_NO_DESKTOP_ACCESS”的前一个定义
D:\DirectX 12 SDK\Include\dxgitype.h(16,1): warning C4005: “DXGI_STATUS_GRAPHICS_VIDPN_SOURCE_IN_USE”: 宏重定义
C:\Program Files (x86)\Windows Kits\10\Include\10.0.18362.0\shared\winerror.h(55876): message : 参见“DXGI_STATUS_GRAPHICS_VIDPN_SOURCE_IN_USE”的前一个定义
D:\DirectX 12 SDK\Include\dxgitype.h(17,1): warning C4005: “DXGI_STATUS_MODE_CHANGED”: 宏重定义
C:\Program Files (x86)\Windows Kits\10\Include\10.0.18362.0\shared\winerror.h(55885): message : 参见“DXGI_STATUS_MODE_CHANGED”的前一个定义
D:\DirectX 12 SDK\Include\dxgitype.h(18,1): warning C4005: “DXGI_STATUS_MODE_CHANGE_IN_PROGRESS”: 宏重定义
C:\Program Files (x86)\Windows Kits\10\Include\10.0.18362.0\shared\winerror.h(55894): message : 参见“DXGI_STATUS_MODE_CHANGE_IN_PROGRESS”的前一个定义
D:\DirectX 12 SDK\Include\dxgitype.h(21,1): warning C4005: “DXGI_ERROR_INVALID_CALL”: 宏重定义
C:\Program Files (x86)\Windows Kits\10\Include\10.0.18362.0\shared\winerror.h(55909): message : 参见“DXGI_ERROR_INVALID_CALL”的前一个定义
D:\DirectX 12 SDK\Include\dxgitype.h(22,1): warning C4005: “DXGI_ERROR_NOT_FOUND”: 宏重定义
C:\Program Files (x86)\Windows Kits\10\Include\10.0.18362.0\shared\winerror.h(55918): message : 参见“DXGI_ERROR_NOT_FOUND”的前一个定义
D:\DirectX 12 SDK\Include\dxgitype.h(23,1): warning C4005: “DXGI_ERROR_MORE_DATA”: 宏重定义
C:\Program Files (x86)\Windows Kits\10\Include\10.0.18362.0\shared\winerror.h(55927): message : 参见“DXGI_ERROR_MORE_DATA”的前一个定义
D:\DirectX 12 SDK\Include\dxgitype.h(24,1): warning C4005: “DXGI_ERROR_UNSUPPORTED”: 宏重定义
C:\Program Files (x86)\Windows Kits\10\Include\10.0.18362.0\shared\winerror.h(55936): message : 参见“DXGI_ERROR_UNSUPPORTED”的前一个定义
D:\DirectX 12 SDK\Include\dxgitype.h(25,1): warning C4005: “DXGI_ERROR_DEVICE_REMOVED”: 宏重定义
C:\Program Files (x86)\Windows Kits\10\Include\10.0.18362.0\shared\winerror.h(55945): message : 参见“DXGI_ERROR_DEVICE_REMOVED”的前一个定义
D:\DirectX 12 SDK\Include\dxgitype.h(26,1): warning C4005: “DXGI_ERROR_DEVICE_HUNG”: 宏重定义
C:\Program Files (x86)\Windows Kits\10\Include\10.0.18362.0\shared\winerror.h(55954): message : 参见“DXGI_ERROR_DEVICE_HUNG”的前一个定义
D:\DirectX 12 SDK\Include\dxgitype.h(27,1): warning C4005: “DXGI_ERROR_DEVICE_RESET”: 宏重定义
C:\Program Files (x86)\Windows Kits\10\Include\10.0.18362.0\shared\winerror.h(55964): message : 参见“DXGI_ERROR_DEVICE_RESET”的前一个定义
D:\DirectX 12 SDK\Include\dxgitype.h(28,1): warning C4005: “DXGI_ERROR_WAS_STILL_DRAWING”: 宏重定义
C:\Program Files (x86)\Windows Kits\10\Include\10.0.18362.0\shared\winerror.h(55973): message : 参见“DXGI_ERROR_WAS_STILL_DRAWING”的前一个定义
D:\DirectX 12 SDK\Include\dxgitype.h(29,1): warning C4005: “DXGI_ERROR_FRAME_STATISTICS_DISJOINT”: 宏重定义
C:\Program Files (x86)\Windows Kits\10\Include\10.0.18362.0\shared\winerror.h(55983): message : 参见“DXGI_ERROR_FRAME_STATISTICS_DISJOINT”的前一个定义
D:\DirectX 12 SDK\Include\dxgitype.h(30,1): warning C4005: “DXGI_ERROR_GRAPHICS_VIDPN_SOURCE_IN_USE”: 宏重定义
C:\Program Files (x86)\Windows Kits\10\Include\10.0.18362.0\shared\winerror.h(55992): message : 参见“DXGI_ERROR_GRAPHICS_VIDPN_SOURCE_IN_USE”的前一个定义
D:\DirectX 12 SDK\Include\dxgitype.h(31,1): warning C4005: “DXGI_ERROR_DRIVER_INTERNAL_ERROR”: 宏重定义
C:\Program Files (x86)\Windows Kits\10\Include\10.0.18362.0\shared\winerror.h(56002): message : 参见“DXGI_ERROR_DRIVER_INTERNAL_ERROR”的前一个定义
D:\DirectX 12 SDK\Include\dxgitype.h(32,1): warning C4005: “DXGI_ERROR_NONEXCLUSIVE”: 宏重定义
C:\Program Files (x86)\Windows Kits\10\Include\10.0.18362.0\shared\winerror.h(56011): message : 参见“DXGI_ERROR_NONEXCLUSIVE”的前一个定义
D:\DirectX 12 SDK\Include\dxgitype.h(33,1): warning C4005: “DXGI_ERROR_NOT_CURRENTLY_AVAILABLE”: 宏重定义
C:\Program Files (x86)\Windows Kits\10\Include\10.0.18362.0\shared\winerror.h(56020): message : 参见“DXGI_ERROR_NOT_CURRENTLY_AVAILABLE”的前一个定义
D:\DirectX 12 SDK\Include\dxgitype.h(34,1): warning C4005: “DXGI_ERROR_REMOTE_CLIENT_DISCONNECTED”: 宏重定义
C:\Program Files (x86)\Windows Kits\10\Include\10.0.18362.0\shared\winerror.h(56030): message : 参见“DXGI_ERROR_REMOTE_CLIENT_DISCONNECTED”的前一个定义
D:\DirectX 12 SDK\Include\dxgitype.h(35,1): warning C4005: “DXGI_ERROR_REMOTE_OUTOFMEMORY”: 宏重定义
C:\Program Files (x86)\Windows Kits\10\Include\10.0.18362.0\shared\winerror.h(56039): message : 参见“DXGI_ERROR_REMOTE_OUTOFMEMORY”的前一个定义
D:\DirectX 12 SDK\Include\d3d11.h(917,1): warning C4005: “D3D11_ERROR_TOO_MANY_UNIQUE_STATE_OBJECTS”: 宏重定义
C:\Program Files (x86)\Windows Kits\10\Include\10.0.18362.0\shared\winerror.h(56303): message : 参见“D3D11_ERROR_TOO_MANY_UNIQUE_STATE_OBJECTS”的前一个定义
D:\DirectX 12 SDK\Include\d3d11.h(918,1): warning C4005: “D3D11_ERROR_FILE_NOT_FOUND”: 宏重定义
C:\Program Files (x86)\Windows Kits\10\Include\10.0.18362.0\shared\winerror.h(56312): message : 参见“D3D11_ERROR_FILE_NOT_FOUND”的前一个定义
D:\DirectX 12 SDK\Include\d3d11.h(919,1): warning C4005: “D3D11_ERROR_TOO_MANY_UNIQUE_VIEW_OBJECTS”: 宏重定义
C:\Program Files (x86)\Windows Kits\10\Include\10.0.18362.0\shared\winerror.h(56322): message : 参见“D3D11_ERROR_TOO_MANY_UNIQUE_VIEW_OBJECTS”的前一个定义
D:\DirectX 12 SDK\Include\d3d11.h(920,1): warning C4005: “D3D11_ERROR_DEFERRED_CONTEXT_MAP_WITHOUT_INITIAL_DISCARD”: 宏重定义
C:\Program Files (x86)\Windows Kits\10\Include\10.0.18362.0\shared\winerror.h(56331): message : 参见“D3D11_ERROR_DEFERRED_CONTEXT_MAP_WITHOUT_INITIAL_DISCARD”的前一个定义
D:\DirectX 12 SDK\Include\d3d10.h(608,1): warning C4005: “D3D10_ERROR_TOO_MANY_UNIQUE_STATE_OBJECTS”: 宏重定义
C:\Program Files (x86)\Windows Kits\10\Include\10.0.18362.0\shared\winerror.h(56279): message : 参见“D3D10_ERROR_TOO_MANY_UNIQUE_STATE_OBJECTS”的前一个定义
D:\DirectX 12 SDK\Include\d3d10.h(609,1): warning C4005: “D3D10_ERROR_FILE_NOT_FOUND”: 宏重定义
C:\Program Files (x86)\Windows Kits\10\Include\10.0.18362.0\shared\winerror.h(56288): message : 参见“D3D10_ERROR_FILE_NOT_FOUND”的前一个定义
D:\DX_Project\DX_FinalWork\DX_FinalWork\d3dKitchen.cpp(1223,17): warning C4244: “初始化”: 从“float”转换到“int”，可能丢失数据
D:\DX_Project\DX_FinalWork\DX_FinalWork\d3dKitchen.cpp(1668,33): warning C4244: “-=”: 从“double”转换到“float”，可能丢失数据
LINK : warning LNK4075: 忽略“/INCREMENTAL”(由于“/FORCE”规范)
d3dKitchen.obj : error LNK2019: 无法解析的外部符号 D3DX11CreateEffectFromMemory，该符号在函数 "bool __cdecl Setup(void)" (?Setup@@YA_NXZ) 中被引用
D:\DirectX 12 SDK\Samples\C++\Effects11\Debug\Effects11.lib : warning LNK4272: 库计算机类型“x86”与目标计算机类型“x64”冲突
D:\DX_Project\DX_FinalWork\x64\Debug\DX_FinalWork.exe : warning LNK4088: 因 /FORCE 选项生成了映像；映像可能不能运行
  DX_FinalWork.vcxproj -> D:\DX_Project\DX_FinalWork\x64\Debug\DX_FinalWork.exe
